<?xml version="1.0" encoding="UTF-8"?>
<testsuite xmlns:xsi="http://www.w3.org/2001/XMLSchema-instance" xsi:noNamespaceSchemaLocation="https://maven.apache.org/surefire/maven-surefire-plugin/xsd/surefire-test-report-3.0.xsd" version="3.0" name="com.qa.eligibilityengine.EligibilityEngineTest" time="0.171" tests="5" errors="0" skipped="0" failures="0">
  <properties>
[...]
</properties>
  <testcase name="shouldReturnEligibleWhenAllRulesAreMet" classname="com.qa.eligibilityengine.EligibilityEngineTest" time="0.081"/>
  <testcase name="shouldReturnNotEligibleWhenCreditScoreIsBelowMinimum" classname="com.qa.eligibilityengine.EligibilityEngineTest" time="0.012"/>
  <testcase name="shouldReturnNotEligibleWhenIncomeIsBelowMinimum" classname="com.qa.eligibilityengine.EligibilityEngineTest" time="0.003"/>
  <testcase name="shouldReturnAllFailureReasonsWhenMultipleRulesFail" classname="com.qa.eligibilityengine.EligibilityEngineTest" time="0.004"/>
  <testcase name="shouldReturnNotEligibleWhenAgeIsBelowMinimum" classname="com.qa.eligibilityengine.EligibilityEngineTest" time="0.001"/>
</testsuite>